<?xml version="1.0" encoding="UTF-8"?>
<testsuite xmlns:xsi="http://www.w3.org/2001/XMLSchema-instance" xsi:noNamespaceSchemaLocation="https://maven.apache.org/surefire/maven-surefire-plugin/xsd/surefire-test-report.xsd" name="com.roms.microservice.componentprocessing.controller.ComponentProcessingServiceCotrollerTest" time="3.969" tests="1" errors="0" skipped="0" failures="1">
  <properties>
    <property name="java.specification.version" value="14"/>
    <property name="sun.cpu.isalist" value="amd64"/>
    <property name="sun.jnu.encoding" value="Cp1252"/>
    <property name="java.class.path" value="C:\FSE0\Mine\pj\FinalProject\pj-Adithya\Adithya-ReturnOrder\Adithya-Return-Order-Management-System-main\Component-Processing-Service\target\test-classes;C:\FSE0\Mine\pj\FinalProject\pj-Adithya\Adithya-ReturnOrder\Adithya-Return-Order-Management-System-main\Component-Processing-Service\target\classes;C:\Users\892961\.m2\repository\org\springframework\boot\spring-boot-starter-data-jpa\2.5.13\spring-boot-starter-data-jpa-2.5.13.jar;C:\Users\892961\.m2\repository\org\springframework\boot\spring-boot-starter-aop\2.5.13\spring-boot-starter-aop-2.5.13.jar;C:\Users\892961\.m2\repository\org\springframework\spring-aop\5.3.19\spring-aop-5.3.19.jar;C:\Users\892961\.m2\repository\org\aspectj\aspectjweaver\1.9.7\aspectjweaver-1.9.7.jar;C:\Users\892961\.m2\repository\org\springframework\boot\spring-boot-starter-jdbc\2.5.13\spring-boot-starter-jdbc-2.5.13.jar;C:\Users\892961\.m2\repository\com\zaxxer\HikariCP\4.0.3\HikariCP-4.0.3.jar;C:\Users\892961\.m2\repository\org\springframework\spring-jdbc\5.3.19\spring-jdbc-5.3.19.jar;C:\Users\892961\.m2\repository\jakarta\transaction\jakarta.transaction-api\1.3.3\jakarta.transaction-api-1.3.3.jar;C:\Users\892961\.m2\repository\jakarta\persistence\jakarta.persistence-api\2.2.3\jakarta.persistence-api-2.2.3.jar;C:\Users\892961\.m2\repository\org\hibernate\hibernate-core\5.4.33\hibernate-core-5.4.33.jar;C:\Users\892961\.m2\repository\org\jboss\logging\jboss-logging\3.4.3.Final\jboss-logging-3.4.3.Final.jar;C:\Users\892961\.m2\repository\org\javassist\javassist\3.27.0-GA\javassist-3.27.0-GA.jar;C:\Users\892961\.m2\repository\net\bytebuddy\byte-buddy\1.10.22\byte-buddy-1.10.22.jar;C:\Users\892961\.m2\repository\antlr\antlr\2.7.7\antlr-2.7.7.jar;C:\Users\892961\.m2\repository\org\jboss\jandex\2.2.3.Final\jandex-2.2.3.Final.jar;C:\Users\892961\.m2\repository\org\dom4j\dom4j\2.1.3\dom4j-2.1.3.jar;C:\Users\892961\.m2\repository\org\hibernate\common\hibernate-commons-annotations\5.1.2.Final\hibernate-commons-annotations-5.1.2.Final.jar;C:\Users\892961\.m2\repository\org\glassfish\jaxb\jaxb-runtime\2.3.6\jaxb-runtime-2.3.6.jar;C:\Users\892961\.m2\repository\org\glassfish\jaxb\txw2\2.3.6\txw2-2.3.6.jar;C:\Users\892961\.m2\repository\com\sun\istack\istack-commons-runtime\3.0.12\istack-commons-runtime-3.0.12.jar;C:\Users\892961\.m2\repository\com\sun\activation\jakarta.activation\1.2.2\jakarta.activation-1.2.2.jar;C:\Users\892961\.m2\repository\org\springframework\data\spring-data-jpa\2.5.11\spring-data-jpa-2.5.11.jar;C:\Users\892961\.m2\repository\org\springframework\data\spring-data-commons\2.5.11\spring-data-commons-2.5.11.jar;C:\Users\892961\.m2\repository\org\springframework\spring-orm\5.3.19\spring-orm-5.3.19.jar;C:\Users\892961\.m2\repository\org\springframework\spring-context\5.3.19\spring-context-5.3.19.jar;C:\Users\892961\.m2\repository\org\springframework\spring-tx\5.3.19\spring-tx-5.3.19.jar;C:\Users\892961\.m2\repository\org\springframework\spring-beans\5.3.19\spring-beans-5.3.19.jar;C:\Users\892961\.m2\repository\org\springframework\spring-aspects\5.3.19\spring-aspects-5.3.19.jar;C:\Users\892961\.m2\repository\junit\junit\4.13.2\junit-4.13.2.jar;C:\Users\892961\.m2\repository\org\hamcrest\hamcrest-core\2.2\hamcrest-core-2.2.jar;C:\Users\892961\.m2\repository\org\springframework\boot\spring-boot-starter-webflux\2.5.13\spring-boot-starter-webflux-2.5.13.jar;C:\Users\892961\.m2\repository\org\springframework\boot\spring-boot-starter-json\2.5.13\spring-boot-starter-json-2.5.13.jar;C:\Users\892961\.m2\repository\com\fasterxml\jackson\core\jackson-databind\2.12.6.1\jackson-databind-2.12.6.1.jar;C:\Users\892961\.m2\repository\com\fasterxml\jackson\core\jackson-annotations\2.12.6\jackson-annotations-2.12.6.jar;C:\Users\892961\.m2\repository\com\fasterxml\jackson\core\jackson-core\2.12.6\jackson-core-2.12.6.jar;C:\Users\892961\.m2\repository\com\fasterxml\jackson\datatype\jackson-datatype-jdk8\2.12.6\jackson-datatype-jdk8-2.12.6.jar;C:\Users\892961\.m2\repository\com\fasterxml\jackson\datatype\jackson-datatype-jsr310\2.12.6\jackson-datatype-jsr310-2.12.6.jar;C:\Users\892961\.m2\repository\com\fasterxml\jackson\module\jackson-module-parameter-names\2.12.6\jackson-module-parameter-names-2.12.6.jar;C:\Users\892961\.m2\repository\org\springframework\boot\spring-boot-starter-reactor-netty\2.5.13\spring-boot-starter-reactor-netty-2.5.13.jar;C:\Users\892961\.m2\repository\io\projectreactor\netty\reactor-netty-http\1.0.18\reactor-netty-http-1.0.18.jar;C:\Users\892961\.m2\repository\io\netty\netty-codec-http\4.1.76.Final\netty-codec-http-4.1.76.Final.jar;C:\Users\892961\.m2\repository\io\netty\netty-common\4.1.76.Final\netty-common-4.1.76.Final.jar;C:\Users\892961\.m2\repository\io\netty\netty-buffer\4.1.76.Final\netty-buffer-4.1.76.Final.jar;C:\Users\892961\.m2\repository\io\netty\netty-transport\4.1.76.Final\netty-transport-4.1.76.Final.jar;C:\Users\892961\.m2\repository\io\netty\netty-codec\4.1.76.Final\netty-codec-4.1.76.Final.jar;C:\Users\892961\.m2\repository\io\netty\netty-handler\4.1.76.Final\netty-handler-4.1.76.Final.jar;C:\Users\892961\.m2\repository\io\netty\netty-codec-http2\4.1.76.Final\netty-codec-http2-4.1.76.Final.jar;C:\Users\892961\.m2\repository\io\netty\netty-resolver-dns\4.1.76.Final\netty-resolver-dns-4.1.76.Final.jar;C:\Users\892961\.m2\repository\io\netty\netty-resolver\4.1.76.Final\netty-resolver-4.1.76.Final.jar;C:\Users\892961\.m2\repository\io\netty\netty-codec-dns\4.1.76.Final\netty-codec-dns-4.1.76.Final.jar;C:\Users\892961\.m2\repository\io\netty\netty-resolver-dns-native-macos\4.1.76.Final\netty-resolver-dns-native-macos-4.1.76.Final-osx-x86_64.jar;C:\Users\892961\.m2\repository\io\netty\netty-resolver-dns-classes-macos\4.1.76.Final\netty-resolver-dns-classes-macos-4.1.76.Final.jar;C:\Users\892961\.m2\repository\io\netty\netty-transport-native-epoll\4.1.76.Final\netty-transport-native-epoll-4.1.76.Final-linux-x86_64.jar;C:\Users\892961\.m2\repository\io\netty\netty-transport-native-unix-common\4.1.76.Final\netty-transport-native-unix-common-4.1.76.Final.jar;C:\Users\892961\.m2\repository\io\netty\netty-transport-classes-epoll\4.1.76.Final\netty-transport-classes-epoll-4.1.76.Final.jar;C:\Users\892961\.m2\repository\io\projectreactor\netty\reactor-netty-core\1.0.18\reactor-netty-core-1.0.18.jar;C:\Users\892961\.m2\repository\io\netty\netty-handler-proxy\4.1.76.Final\netty-handler-proxy-4.1.76.Final.jar;C:\Users\892961\.m2\repository\io\netty\netty-codec-socks\4.1.76.Final\netty-codec-socks-4.1.76.Final.jar;C:\Users\892961\.m2\repository\org\springframework\spring-web\5.3.19\spring-web-5.3.19.jar;C:\Users\892961\.m2\repository\org\springframework\spring-webflux\5.3.19\spring-webflux-5.3.19.jar;C:\Users\892961\.m2\repository\io\projectreactor\reactor-core\3.4.17\reactor-core-3.4.17.jar;C:\Users\892961\.m2\repository\org\reactivestreams\reactive-streams\1.0.3\reactive-streams-1.0.3.jar;C:\Users\892961\.m2\repository\org\springframework\cloud\spring-cloud-starter-sleuth\3.0.5\spring-cloud-starter-sleuth-3.0.5.jar;C:\Users\892961\.m2\repository\org\springframework\cloud\spring-cloud-starter\3.0.5\spring-cloud-starter-3.0.5.jar;C:\Users\892961\.m2\repository\org\springframework\cloud\spring-cloud-context\3.0.5\spring-cloud-context-3.0.5.jar;C:\Users\892961\.m2\repository\org\springframework\security\spring-security-rsa\1.0.10.RELEASE\spring-security-rsa-1.0.10.RELEASE.jar;C:\Users\892961\.m2\repository\org\bouncycastle\bcpkix-jdk15on\1.68\bcpkix-jdk15on-1.68.jar;C:\Users\892961\.m2\repository\org\bouncycastle\bcprov-jdk15on\1.68\bcprov-jdk15on-1.68.jar;C:\Users\892961\.m2\repository\org\springframework\cloud\spring-cloud-sleuth-autoconfigure\3.0.5\spring-cloud-sleuth-autoconfigure-3.0.5.jar;C:\Users\892961\.m2\repository\org\springframework\cloud\spring-cloud-sleuth-instrumentation\3.0.5\spring-cloud-sleuth-instrumentation-3.0.5.jar;C:\Users\892961\.m2\repository\org\springframework\cloud\spring-cloud-sleuth-api\3.0.5\spring-cloud-sleuth-api-3.0.5.jar;C:\Users\892961\.m2\repository\org\aspectj\aspectjrt\1.9.7\aspectjrt-1.9.7.jar;C:\Users\892961\.m2\repository\org\springframework\cloud\spring-cloud-sleuth-brave\3.0.5\spring-cloud-sleuth-brave-3.0.5.jar;C:\Users\892961\.m2\repository\io\zipkin\brave\brave\5.13.2\brave-5.13.2.jar;C:\Users\892961\.m2\repository\io\zipkin\brave\brave-context-slf4j\5.13.2\brave-context-slf4j-5.13.2.jar;C:\Users\892961\.m2\repository\io\zipkin\brave\brave-instrumentation-messaging\5.13.2\brave-instrumentation-messaging-5.13.2.jar;C:\Users\892961\.m2\repository\io\zipkin\brave\brave-instrumentation-rpc\5.13.2\brave-instrumentation-rpc-5.13.2.jar;C:\Users\892961\.m2\repository\io\zipkin\brave\brave-instrumentation-spring-rabbit\5.13.2\brave-instrumentation-spring-rabbit-5.13.2.jar;C:\Users\892961\.m2\repository\io\zipkin\brave\brave-instrumentation-kafka-clients\5.13.2\brave-instrumentation-kafka-clients-5.13.2.jar;C:\Users\892961\.m2\repository\io\zipkin\brave\brave-instrumentation-kafka-streams\5.13.2\brave-instrumentation-kafka-streams-5.13.2.jar;C:\Users\892961\.m2\repository\io\zipkin\brave\brave-instrumentation-httpclient\5.13.2\brave-instrumentation-httpclient-5.13.2.jar;C:\Users\892961\.m2\repository\io\zipkin\brave\brave-instrumentation-http\5.13.2\brave-instrumentation-http-5.13.2.jar;C:\Users\892961\.m2\repository\io\zipkin\brave\brave-instrumentation-httpasyncclient\5.13.2\brave-instrumentation-httpasyncclient-5.13.2.jar;C:\Users\892961\.m2\repository\io\zipkin\brave\brave-instrumentation-jms\5.13.2\brave-instrumentation-jms-5.13.2.jar;C:\Users\892961\.m2\repository\io\zipkin\brave\brave-instrumentation-mongodb\5.13.2\brave-instrumentation-mongodb-5.13.2.jar;C:\Users\892961\.m2\repository\io\zipkin\aws\brave-propagation-aws\0.21.3\brave-propagation-aws-0.21.3.jar;C:\Users\892961\.m2\repository\io\zipkin\reporter2\zipkin-reporter-metrics-micrometer\2.16.1\zipkin-reporter-metrics-micrometer-2.16.1.jar;C:\Users\892961\.m2\repository\io\zipkin\reporter2\zipkin-reporter\2.16.1\zipkin-reporter-2.16.1.jar;C:\Users\892961\.m2\repository\io\zipkin\zipkin2\zipkin\2.23.0\zipkin-2.23.0.jar;C:\Users\892961\.m2\repository\io\springfox\springfox-boot-starter\3.0.0\springfox-boot-starter-3.0.0.jar;C:\Users\892961\.m2\repository\io\springfox\springfox-oas\3.0.0\springfox-oas-3.0.0.jar;C:\Users\892961\.m2\repository\io\swagger\core\v3\swagger-annotations\2.1.2\swagger-annotations-2.1.2.jar;C:\Users\892961\.m2\repository\io\swagger\core\v3\swagger-models\2.1.2\swagger-models-2.1.2.jar;C:\Users\892961\.m2\repository\io\springfox\springfox-spi\3.0.0\springfox-spi-3.0.0.jar;C:\Users\892961\.m2\repository\io\springfox\springfox-schema\3.0.0\springfox-schema-3.0.0.jar;C:\Users\892961\.m2\repository\io\springfox\springfox-core\3.0.0\springfox-core-3.0.0.jar;C:\Users\892961\.m2\repository\io\springfox\springfox-spring-web\3.0.0\springfox-spring-web-3.0.0.jar;C:\Users\892961\.m2\repository\io\github\classgraph\classgraph\4.8.83\classgraph-4.8.83.jar;C:\Users\892961\.m2\repository\io\springfox\springfox-spring-webmvc\3.0.0\springfox-spring-webmvc-3.0.0.jar;C:\Users\892961\.m2\repository\io\springfox\springfox-spring-webflux\3.0.0\springfox-spring-webflux-3.0.0.jar;C:\Users\892961\.m2\repository\io\springfox\springfox-swagger-common\3.0.0\springfox-swagger-common-3.0.0.jar;C:\Users\892961\.m2\repository\org\mapstruct\mapstruct\1.3.1.Final\mapstruct-1.3.1.Final.jar;C:\Users\892961\.m2\repository\io\springfox\springfox-data-rest\3.0.0\springfox-data-rest-3.0.0.jar;C:\Users\892961\.m2\repository\io\springfox\springfox-bean-validators\3.0.0\springfox-bean-validators-3.0.0.jar;C:\Users\892961\.m2\repository\io\springfox\springfox-swagger2\3.0.0\springfox-swagger2-3.0.0.jar;C:\Users\892961\.m2\repository\io\swagger\swagger-annotations\1.5.20\swagger-annotations-1.5.20.jar;C:\Users\892961\.m2\repository\io\swagger\swagger-models\1.5.20\swagger-models-1.5.20.jar;C:\Users\892961\.m2\repository\io\springfox\springfox-swagger-ui\3.0.0\springfox-swagger-ui-3.0.0.jar;C:\Users\892961\.m2\repository\com\fasterxml\classmate\1.5.1\classmate-1.5.1.jar;C:\Users\892961\.m2\repository\org\slf4j\slf4j-api\1.7.36\slf4j-api-1.7.36.jar;C:\Users\892961\.m2\repository\org\springframework\plugin\spring-plugin-core\2.0.0.RELEASE\spring-plugin-core-2.0.0.RELEASE.jar;C:\Users\892961\.m2\repository\org\springframework\plugin\spring-plugin-metadata\2.0.0.RELEASE\spring-plugin-metadata-2.0.0.RELEASE.jar;C:\Users\892961\.m2\repository\org\springframework\boot\spring-boot-starter-web\2.5.13\spring-boot-starter-web-2.5.13.jar;C:\Users\892961\.m2\repository\org\springframework\boot\spring-boot-starter-tomcat\2.5.13\spring-boot-starter-tomcat-2.5.13.jar;C:\Users\892961\.m2\repository\org\apache\tomcat\embed\tomcat-embed-core\9.0.62\tomcat-embed-core-9.0.62.jar;C:\Users\892961\.m2\repository\org\apache\tomcat\embed\tomcat-embed-websocket\9.0.62\tomcat-embed-websocket-9.0.62.jar;C:\Users\892961\.m2\repository\org\springframework\spring-webmvc\5.3.19\spring-webmvc-5.3.19.jar;C:\Users\892961\.m2\repository\org\springframework\spring-expression\5.3.19\spring-expression-5.3.19.jar;C:\Users\892961\.m2\repository\org\springframework\boot\spring-boot-devtools\2.5.13\spring-boot-devtools-2.5.13.jar;C:\Users\892961\.m2\repository\org\springframework\boot\spring-boot\2.5.13\spring-boot-2.5.13.jar;C:\Users\892961\.m2\repository\org\springframework\boot\spring-boot-autoconfigure\2.5.13\spring-boot-autoconfigure-2.5.13.jar;C:\Users\892961\.m2\repository\com\h2database\h2\1.4.200\h2-1.4.200.jar;C:\Users\892961\.m2\repository\org\springframework\boot\spring-boot-starter-test\2.5.13\spring-boot-starter-test-2.5.13.jar;C:\Users\892961\.m2\repository\org\springframework\boot\spring-boot-test\2.5.13\spring-boot-test-2.5.13.jar;C:\Users\892961\.m2\repository\org\springframework\boot\spring-boot-test-autoconfigure\2.5.13\spring-boot-test-autoconfigure-2.5.13.jar;C:\Users\892961\.m2\repository\com\jayway\jsonpath\json-path\2.5.0\json-path-2.5.0.jar;C:\Users\892961\.m2\repository\net\minidev\json-smart\2.4.8\json-smart-2.4.8.jar;C:\Users\892961\.m2\repository\net\minidev\accessors-smart\2.4.8\accessors-smart-2.4.8.jar;C:\Users\892961\.m2\repository\org\ow2\asm\asm\9.1\asm-9.1.jar;C:\Users\892961\.m2\repository\jakarta\xml\bind\jakarta.xml.bind-api\2.3.3\jakarta.xml.bind-api-2.3.3.jar;C:\Users\892961\.m2\repository\jakarta\activation\jakarta.activation-api\1.2.2\jakarta.activation-api-1.2.2.jar;C:\Users\892961\.m2\repository\org\assertj\assertj-core\3.19.0\assertj-core-3.19.0.jar;C:\Users\892961\.m2\repository\org\hamcrest\hamcrest\2.2\hamcrest-2.2.jar;C:\Users\892961\.m2\repository\org\junit\jupiter\junit-jupiter\5.7.2\junit-jupiter-5.7.2.jar;C:\Users\892961\.m2\repository\org\junit\jupiter\junit-jupiter-api\5.7.2\junit-jupiter-api-5.7.2.jar;C:\Users\892961\.m2\repository\org\apiguardian\apiguardian-api\1.1.0\apiguardian-api-1.1.0.jar;C:\Users\892961\.m2\repository\org\opentest4j\opentest4j\1.2.0\opentest4j-1.2.0.jar;C:\Users\892961\.m2\repository\org\junit\platform\junit-platform-commons\1.7.2\junit-platform-commons-1.7.2.jar;C:\Users\892961\.m2\repository\org\junit\jupiter\junit-jupiter-params\5.7.2\junit-jupiter-params-5.7.2.jar;C:\Users\892961\.m2\repository\org\junit\jupiter\junit-jupiter-engine\5.7.2\junit-jupiter-engine-5.7.2.jar;C:\Users\892961\.m2\repository\org\junit\platform\junit-platform-engine\1.7.2\junit-platform-engine-1.7.2.jar;C:\Users\892961\.m2\repository\org\mockito\mockito-core\3.9.0\mockito-core-3.9.0.jar;C:\Users\892961\.m2\repository\net\bytebuddy\byte-buddy-agent\1.10.22\byte-buddy-agent-1.10.22.jar;C:\Users\892961\.m2\repository\org\objenesis\objenesis\3.2\objenesis-3.2.jar;C:\Users\892961\.m2\repository\org\mockito\mockito-junit-jupiter\3.9.0\mockito-junit-jupiter-3.9.0.jar;C:\Users\892961\.m2\repository\org\skyscreamer\jsonassert\1.5.0\jsonassert-1.5.0.jar;C:\Users\892961\.m2\repository\com\vaadin\external\google\android-json\0.0.20131108.vaadin1\android-json-0.0.20131108.vaadin1.jar;C:\Users\892961\.m2\repository\org\springframework\spring-core\5.3.19\spring-core-5.3.19.jar;C:\Users\892961\.m2\repository\org\springframework\spring-jcl\5.3.19\spring-jcl-5.3.19.jar;C:\Users\892961\.m2\repository\org\springframework\spring-test\5.3.19\spring-test-5.3.19.jar;C:\Users\892961\.m2\repository\org\xmlunit\xmlunit-core\2.8.4\xmlunit-core-2.8.4.jar;C:\Users\892961\.m2\repository\org\springframework\boot\spring-boot-starter\2.5.13\spring-boot-starter-2.5.13.jar;C:\Users\892961\.m2\repository\org\springframework\boot\spring-boot-starter-logging\2.5.13\spring-boot-starter-logging-2.5.13.jar;C:\Users\892961\.m2\repository\ch\qos\logback\logback-classic\1.2.11\logback-classic-1.2.11.jar;C:\Users\892961\.m2\repository\ch\qos\logback\logback-core\1.2.11\logback-core-1.2.11.jar;C:\Users\892961\.m2\repository\org\apache\logging\log4j\log4j-to-slf4j\2.17.2\log4j-to-slf4j-2.17.2.jar;C:\Users\892961\.m2\repository\org\apache\logging\log4j\log4j-api\2.17.2\log4j-api-2.17.2.jar;C:\Users\892961\.m2\repository\org\slf4j\jul-to-slf4j\1.7.36\jul-to-slf4j-1.7.36.jar;C:\Users\892961\.m2\repository\jakarta\annotation\jakarta.annotation-api\1.3.5\jakarta.annotation-api-1.3.5.jar;C:\Users\892961\.m2\repository\org\yaml\snakeyaml\1.28\snakeyaml-1.28.jar;C:\Users\892961\.m2\repository\org\springframework\boot\spring-boot-starter-validation\2.5.13\spring-boot-starter-validation-2.5.13.jar;C:\Users\892961\.m2\repository\org\apache\tomcat\embed\tomcat-embed-el\9.0.62\tomcat-embed-el-9.0.62.jar;C:\Users\892961\.m2\repository\org\hibernate\validator\hibernate-validator\6.2.3.Final\hibernate-validator-6.2.3.Final.jar;C:\Users\892961\.m2\repository\jakarta\validation\jakarta.validation-api\2.0.2\jakarta.validation-api-2.0.2.jar;C:\Users\892961\.m2\repository\org\projectlombok\lombok\1.18.24\lombok-1.18.24.jar;C:\Users\892961\.m2\repository\org\springframework\cloud\spring-cloud-starter-openfeign\3.0.6\spring-cloud-starter-openfeign-3.0.6.jar;C:\Users\892961\.m2\repository\org\springframework\cloud\spring-cloud-openfeign-core\3.0.6\spring-cloud-openfeign-core-3.0.6.jar;C:\Users\892961\.m2\repository\io\github\openfeign\form\feign-form-spring\3.8.0\feign-form-spring-3.8.0.jar;C:\Users\892961\.m2\repository\io\github\openfeign\form\feign-form\3.8.0\feign-form-3.8.0.jar;C:\Users\892961\.m2\repository\commons-fileupload\commons-fileupload\1.4\commons-fileupload-1.4.jar;C:\Users\892961\.m2\repository\commons-io\commons-io\2.2\commons-io-2.2.jar;C:\Users\892961\.m2\repository\org\springframework\cloud\spring-cloud-commons\3.0.5\spring-cloud-commons-3.0.5.jar;C:\Users\892961\.m2\repository\org\springframework\security\spring-security-crypto\5.5.6\spring-security-crypto-5.5.6.jar;C:\Users\892961\.m2\repository\io\github\openfeign\feign-core\10.12\feign-core-10.12.jar;C:\Users\892961\.m2\repository\io\github\openfeign\feign-slf4j\10.12\feign-slf4j-10.12.jar;C:\Users\892961\.m2\repository\org\springframework\boot\spring-boot-starter-actuator\2.5.13\spring-boot-starter-actuator-2.5.13.jar;C:\Users\892961\.m2\repository\org\springframework\boot\spring-boot-actuator-autoconfigure\2.5.13\spring-boot-actuator-autoconfigure-2.5.13.jar;C:\Users\892961\.m2\repository\org\springframework\boot\spring-boot-actuator\2.5.13\spring-boot-actuator-2.5.13.jar;C:\Users\892961\.m2\repository\io\micrometer\micrometer-core\1.7.11\micrometer-core-1.7.11.jar;C:\Users\892961\.m2\repository\org\hdrhistogram\HdrHistogram\2.1.12\HdrHistogram-2.1.12.jar;C:\Users\892961\.m2\repository\org\latencyutils\LatencyUtils\2.0.3\LatencyUtils-2.0.3.jar;"/>
    <property name="java.vm.vendor" value="Oracle Corporation"/>
    <property name="sun.arch.data.model" value="64"/>
    <property name="user.variant" value=""/>
    <property name="java.vendor.url" value="https://java.oracle.com/"/>
    <property name="user.timezone" value="Asia/Calcutta"/>
    <property name="os.name" value="Windows 10"/>
    <property name="java.vm.specification.version" value="14"/>
    <property name="sun.java.launcher" value="SUN_STANDARD"/>
    <property name="user.country" value="IN"/>
    <property name="sun.boot.library.path" value="C:\development_avecto\sts\contents\sts-4.8.0.RELEASE\plugins\org.eclipse.justj.openjdk.hotspot.jre.full.win32.x86_64_14.0.2.v20200815-0932\jre\bin"/>
    <property name="sun.java.command" value="C:\Users\892961\AppData\Local\Temp\1\surefire10623855844642167166\surefirebooter13209410630383765480.jar C:\Users\892961\AppData\Local\Temp\1\surefire10623855844642167166 2022-08-17T09-55-00_867-jvmRun1 surefire17414214368546341427tmp surefire_010579595094230143929tmp"/>
    <property name="jdk.debug" value="release"/>
    <property name="surefire.test.class.path" value="C:\FSE0\Mine\pj\FinalProject\pj-Adithya\Adithya-ReturnOrder\Adithya-Return-Order-Management-System-main\Component-Processing-Service\target\test-classes;C:\FSE0\Mine\pj\FinalProject\pj-Adithya\Adithya-ReturnOrder\Adithya-Return-Order-Management-System-main\Component-Processing-Service\target\classes;C:\Users\892961\.m2\repository\org\springframework\boot\spring-boot-starter-data-jpa\2.5.13\spring-boot-starter-data-jpa-2.5.13.jar;C:\Users\892961\.m2\repository\org\springframework\boot\spring-boot-starter-aop\2.5.13\spring-boot-starter-aop-2.5.13.jar;C:\Users\892961\.m2\repository\org\springframework\spring-aop\5.3.19\spring-aop-5.3.19.jar;C:\Users\892961\.m2\repository\org\aspectj\aspectjweaver\1.9.7\aspectjweaver-1.9.7.jar;C:\Users\892961\.m2\repository\org\springframework\boot\spring-boot-starter-jdbc\2.5.13\spring-boot-starter-jdbc-2.5.13.jar;C:\Users\892961\.m2\repository\com\zaxxer\HikariCP\4.0.3\HikariCP-4.0.3.jar;C:\Users\892961\.m2\repository\org\springframework\spring-jdbc\5.3.19\spring-jdbc-5.3.19.jar;C:\Users\892961\.m2\repository\jakarta\transaction\jakarta.transaction-api\1.3.3\jakarta.transaction-api-1.3.3.jar;C:\Users\892961\.m2\repository\jakarta\persistence\jakarta.persistence-api\2.2.3\jakarta.persistence-api-2.2.3.jar;C:\Users\892961\.m2\repository\org\hibernate\hibernate-core\5.4.33\hibernate-core-5.4.33.jar;C:\Users\892961\.m2\repository\org\jboss\logging\jboss-logging\3.4.3.Final\jboss-logging-3.4.3.Final.jar;C:\Users\892961\.m2\repository\org\javassist\javassist\3.27.0-GA\javassist-3.27.0-GA.jar;C:\Users\892961\.m2\repository\net\bytebuddy\byte-buddy\1.10.22\byte-buddy-1.10.22.jar;C:\Users\892961\.m2\repository\antlr\antlr\2.7.7\antlr-2.7.7.jar;C:\Users\892961\.m2\repository\org\jboss\jandex\2.2.3.Final\jandex-2.2.3.Final.jar;C:\Users\892961\.m2\repository\org\dom4j\dom4j\2.1.3\dom4j-2.1.3.jar;C:\Users\892961\.m2\repository\org\hibernate\common\hibernate-commons-annotations\5.1.2.Final\hibernate-commons-annotations-5.1.2.Final.jar;C:\Users\892961\.m2\repository\org\glassfish\jaxb\jaxb-runtime\2.3.6\jaxb-runtime-2.3.6.jar;C:\Users\892961\.m2\repository\org\glassfish\jaxb\txw2\2.3.6\txw2-2.3.6.jar;C:\Users\892961\.m2\repository\com\sun\istack\istack-commons-runtime\3.0.12\istack-commons-runtime-3.0.12.jar;C:\Users\892961\.m2\repository\com\sun\activation\jakarta.activation\1.2.2\jakarta.activation-1.2.2.jar;C:\Users\892961\.m2\repository\org\springframework\data\spring-data-jpa\2.5.11\spring-data-jpa-2.5.11.jar;C:\Users\892961\.m2\repository\org\springframework\data\spring-data-commons\2.5.11\spring-data-commons-2.5.11.jar;C:\Users\892961\.m2\repository\org\springframework\spring-orm\5.3.19\spring-orm-5.3.19.jar;C:\Users\892961\.m2\repository\org\springframework\spring-context\5.3.19\spring-context-5.3.19.jar;C:\Users\892961\.m2\repository\org\springframework\spring-tx\5.3.19\spring-tx-5.3.19.jar;C:\Users\892961\.m2\repository\org\springframework\spring-beans\5.3.19\spring-beans-5.3.19.jar;C:\Users\892961\.m2\repository\org\springframework\spring-aspects\5.3.19\spring-aspects-5.3.19.jar;C:\Users\892961\.m2\repository\junit\junit\4.13.2\junit-4.13.2.jar;C:\Users\892961\.m2\repository\org\hamcrest\hamcrest-core\2.2\hamcrest-core-2.2.jar;C:\Users\892961\.m2\repository\org\springframework\boot\spring-boot-starter-webflux\2.5.13\spring-boot-starter-webflux-2.5.13.jar;C:\Users\892961\.m2\repository\org\springframework\boot\spring-boot-starter-json\2.5.13\spring-boot-starter-json-2.5.13.jar;C:\Users\892961\.m2\repository\com\fasterxml\jackson\core\jackson-databind\2.12.6.1\jackson-databind-2.12.6.1.jar;C:\Users\892961\.m2\repository\com\fasterxml\jackson\core\jackson-annotations\2.12.6\jackson-annotations-2.12.6.jar;C:\Users\892961\.m2\repository\com\fasterxml\jackson\core\jackson-core\2.12.6\jackson-core-2.12.6.jar;C:\Users\892961\.m2\repository\com\fasterxml\jackson\datatype\jackson-datatype-jdk8\2.12.6\jackson-datatype-jdk8-2.12.6.jar;C:\Users\892961\.m2\repository\com\fasterxml\jackson\datatype\jackson-datatype-jsr310\2.12.6\jackson-datatype-jsr310-2.12.6.jar;C:\Users\892961\.m2\repository\com\fasterxml\jackson\module\jackson-module-parameter-names\2.12.6\jackson-module-parameter-names-2.12.6.jar;C:\Users\892961\.m2\repository\org\springframework\boot\spring-boot-starter-reactor-netty\2.5.13\spring-boot-starter-reactor-netty-2.5.13.jar;C:\Users\892961\.m2\repository\io\projectreactor\netty\reactor-netty-http\1.0.18\reactor-netty-http-1.0.18.jar;C:\Users\892961\.m2\repository\io\netty\netty-codec-http\4.1.76.Final\netty-codec-http-4.1.76.Final.jar;C:\Users\892961\.m2\repository\io\netty\netty-common\4.1.76.Final\netty-common-4.1.76.Final.jar;C:\Users\892961\.m2\repository\io\netty\netty-buffer\4.1.76.Final\netty-buffer-4.1.76.Final.jar;C:\Users\892961\.m2\repository\io\netty\netty-transport\4.1.76.Final\netty-transport-4.1.76.Final.jar;C:\Users\892961\.m2\repository\io\netty\netty-codec\4.1.76.Final\netty-codec-4.1.76.Final.jar;C:\Users\892961\.m2\repository\io\netty\netty-handler\4.1.76.Final\netty-handler-4.1.76.Final.jar;C:\Users\892961\.m2\repository\io\netty\netty-codec-http2\4.1.76.Final\netty-codec-http2-4.1.76.Final.jar;C:\Users\892961\.m2\repository\io\netty\netty-resolver-dns\4.1.76.Final\netty-resolver-dns-4.1.76.Final.jar;C:\Users\892961\.m2\repository\io\netty\netty-resolver\4.1.76.Final\netty-resolver-4.1.76.Final.jar;C:\Users\892961\.m2\repository\io\netty\netty-codec-dns\4.1.76.Final\netty-codec-dns-4.1.76.Final.jar;C:\Users\892961\.m2\repository\io\netty\netty-resolver-dns-native-macos\4.1.76.Final\netty-resolver-dns-native-macos-4.1.76.Final-osx-x86_64.jar;C:\Users\892961\.m2\repository\io\netty\netty-resolver-dns-classes-macos\4.1.76.Final\netty-resolver-dns-classes-macos-4.1.76.Final.jar;C:\Users\892961\.m2\repository\io\netty\netty-transport-native-epoll\4.1.76.Final\netty-transport-native-epoll-4.1.76.Final-linux-x86_64.jar;C:\Users\892961\.m2\repository\io\netty\netty-transport-native-unix-common\4.1.76.Final\netty-transport-native-unix-common-4.1.76.Final.jar;C:\Users\892961\.m2\repository\io\netty\netty-transport-classes-epoll\4.1.76.Final\netty-transport-classes-epoll-4.1.76.Final.jar;C:\Users\892961\.m2\repository\io\projectreactor\netty\reactor-netty-core\1.0.18\reactor-netty-core-1.0.18.jar;C:\Users\892961\.m2\repository\io\netty\netty-handler-proxy\4.1.76.Final\netty-handler-proxy-4.1.76.Final.jar;C:\Users\892961\.m2\repository\io\netty\netty-codec-socks\4.1.76.Final\netty-codec-socks-4.1.76.Final.jar;C:\Users\892961\.m2\repository\org\springframework\spring-web\5.3.19\spring-web-5.3.19.jar;C:\Users\892961\.m2\repository\org\springframework\spring-webflux\5.3.19\spring-webflux-5.3.19.jar;C:\Users\892961\.m2\repository\io\projectreactor\reactor-core\3.4.17\reactor-core-3.4.17.jar;C:\Users\892961\.m2\repository\org\reactivestreams\reactive-streams\1.0.3\reactive-streams-1.0.3.jar;C:\Users\892961\.m2\repository\org\springframework\cloud\spring-cloud-starter-sleuth\3.0.5\spring-cloud-starter-sleuth-3.0.5.jar;C:\Users\892961\.m2\repository\org\springframework\cloud\spring-cloud-starter\3.0.5\spring-cloud-starter-3.0.5.jar;C:\Users\892961\.m2\repository\org\springframework\cloud\spring-cloud-context\3.0.5\spring-cloud-context-3.0.5.jar;C:\Users\892961\.m2\repository\org\springframework\security\spring-security-rsa\1.0.10.RELEASE\spring-security-rsa-1.0.10.RELEASE.jar;C:\Users\892961\.m2\repository\org\bouncycastle\bcpkix-jdk15on\1.68\bcpkix-jdk15on-1.68.jar;C:\Users\892961\.m2\repository\org\bouncycastle\bcprov-jdk15on\1.68\bcprov-jdk15on-1.68.jar;C:\Users\892961\.m2\repository\org\springframework\cloud\spring-cloud-sleuth-autoconfigure\3.0.5\spring-cloud-sleuth-autoconfigure-3.0.5.jar;C:\Users\892961\.m2\repository\org\springframework\cloud\spring-cloud-sleuth-instrumentation\3.0.5\spring-cloud-sleuth-instrumentation-3.0.5.jar;C:\Users\892961\.m2\repository\org\springframework\cloud\spring-cloud-sleuth-api\3.0.5\spring-cloud-sleuth-api-3.0.5.jar;C:\Users\892961\.m2\repository\org\aspectj\aspectjrt\1.9.7\aspectjrt-1.9.7.jar;C:\Users\892961\.m2\repository\org\springframework\cloud\spring-cloud-sleuth-brave\3.0.5\spring-cloud-sleuth-brave-3.0.5.jar;C:\Users\892961\.m2\repository\io\zipkin\brave\brave\5.13.2\brave-5.13.2.jar;C:\Users\892961\.m2\repository\io\zipkin\brave\brave-context-slf4j\5.13.2\brave-context-slf4j-5.13.2.jar;C:\Users\892961\.m2\repository\io\zipkin\brave\brave-instrumentation-messaging\5.13.2\brave-instrumentation-messaging-5.13.2.jar;C:\Users\892961\.m2\repository\io\zipkin\brave\brave-instrumentation-rpc\5.13.2\brave-instrumentation-rpc-5.13.2.jar;C:\Users\892961\.m2\repository\io\zipkin\brave\brave-instrumentation-spring-rabbit\5.13.2\brave-instrumentation-spring-rabbit-5.13.2.jar;C:\Users\892961\.m2\repository\io\zipkin\brave\brave-instrumentation-kafka-clients\5.13.2\brave-instrumentation-kafka-clients-5.13.2.jar;C:\Users\892961\.m2\repository\io\zipkin\brave\brave-instrumentation-kafka-streams\5.13.2\brave-instrumentation-kafka-streams-5.13.2.jar;C:\Users\892961\.m2\repository\io\zipkin\brave\brave-instrumentation-httpclient\5.13.2\brave-instrumentation-httpclient-5.13.2.jar;C:\Users\892961\.m2\repository\io\zipkin\brave\brave-instrumentation-http\5.13.2\brave-instrumentation-http-5.13.2.jar;C:\Users\892961\.m2\repository\io\zipkin\brave\brave-instrumentation-httpasyncclient\5.13.2\brave-instrumentation-httpasyncclient-5.13.2.jar;C:\Users\892961\.m2\repository\io\zipkin\brave\brave-instrumentation-jms\5.13.2\brave-instrumentation-jms-5.13.2.jar;C:\Users\892961\.m2\repository\io\zipkin\brave\brave-instrumentation-mongodb\5.13.2\brave-instrumentation-mongodb-5.13.2.jar;C:\Users\892961\.m2\repository\io\zipkin\aws\brave-propagation-aws\0.21.3\brave-propagation-aws-0.21.3.jar;C:\Users\892961\.m2\repository\io\zipkin\reporter2\zipkin-reporter-metrics-micrometer\2.16.1\zipkin-reporter-metrics-micrometer-2.16.1.jar;C:\Users\892961\.m2\repository\io\zipkin\reporter2\zipkin-reporter\2.16.1\zipkin-reporter-2.16.1.jar;C:\Users\892961\.m2\repository\io\zipkin\zipkin2\zipkin\2.23.0\zipkin-2.23.0.jar;C:\Users\892961\.m2\repository\io\springfox\springfox-boot-starter\3.0.0\springfox-boot-starter-3.0.0.jar;C:\Users\892961\.m2\repository\io\springfox\springfox-oas\3.0.0\springfox-oas-3.0.0.jar;C:\Users\892961\.m2\repository\io\swagger\core\v3\swagger-annotations\2.1.2\swagger-annotations-2.1.2.jar;C:\Users\892961\.m2\repository\io\swagger\core\v3\swagger-models\2.1.2\swagger-models-2.1.2.jar;C:\Users\892961\.m2\repository\io\springfox\springfox-spi\3.0.0\springfox-spi-3.0.0.jar;C:\Users\892961\.m2\repository\io\springfox\springfox-schema\3.0.0\springfox-schema-3.0.0.jar;C:\Users\892961\.m2\repository\io\springfox\springfox-core\3.0.0\springfox-core-3.0.0.jar;C:\Users\892961\.m2\repository\io\springfox\springfox-spring-web\3.0.0\springfox-spring-web-3.0.0.jar;C:\Users\892961\.m2\repository\io\github\classgraph\classgraph\4.8.83\classgraph-4.8.83.jar;C:\Users\892961\.m2\repository\io\springfox\springfox-spring-webmvc\3.0.0\springfox-spring-webmvc-3.0.0.jar;C:\Users\892961\.m2\repository\io\springfox\springfox-spring-webflux\3.0.0\springfox-spring-webflux-3.0.0.jar;C:\Users\892961\.m2\repository\io\springfox\springfox-swagger-common\3.0.0\springfox-swagger-common-3.0.0.jar;C:\Users\892961\.m2\repository\org\mapstruct\mapstruct\1.3.1.Final\mapstruct-1.3.1.Final.jar;C:\Users\892961\.m2\repository\io\springfox\springfox-data-rest\3.0.0\springfox-data-rest-3.0.0.jar;C:\Users\892961\.m2\repository\io\springfox\springfox-bean-validators\3.0.0\springfox-bean-validators-3.0.0.jar;C:\Users\892961\.m2\repository\io\springfox\springfox-swagger2\3.0.0\springfox-swagger2-3.0.0.jar;C:\Users\892961\.m2\repository\io\swagger\swagger-annotations\1.5.20\swagger-annotations-1.5.20.jar;C:\Users\892961\.m2\repository\io\swagger\swagger-models\1.5.20\swagger-models-1.5.20.jar;C:\Users\892961\.m2\repository\io\springfox\springfox-swagger-ui\3.0.0\springfox-swagger-ui-3.0.0.jar;C:\Users\892961\.m2\repository\com\fasterxml\classmate\1.5.1\classmate-1.5.1.jar;C:\Users\892961\.m2\repository\org\slf4j\slf4j-api\1.7.36\slf4j-api-1.7.36.jar;C:\Users\892961\.m2\repository\org\springframework\plugin\spring-plugin-core\2.0.0.RELEASE\spring-plugin-core-2.0.0.RELEASE.jar;C:\Users\892961\.m2\repository\org\springframework\plugin\spring-plugin-metadata\2.0.0.RELEASE\spring-plugin-metadata-2.0.0.RELEASE.jar;C:\Users\892961\.m2\repository\org\springframework\boot\spring-boot-starter-web\2.5.13\spring-boot-starter-web-2.5.13.jar;C:\Users\892961\.m2\repository\org\springframework\boot\spring-boot-starter-tomcat\2.5.13\spring-boot-starter-tomcat-2.5.13.jar;C:\Users\892961\.m2\repository\org\apache\tomcat\embed\tomcat-embed-core\9.0.62\tomcat-embed-core-9.0.62.jar;C:\Users\892961\.m2\repository\org\apache\tomcat\embed\tomcat-embed-websocket\9.0.62\tomcat-embed-websocket-9.0.62.jar;C:\Users\892961\.m2\repository\org\springframework\spring-webmvc\5.3.19\spring-webmvc-5.3.19.jar;C:\Users\892961\.m2\repository\org\springframework\spring-expression\5.3.19\spring-expression-5.3.19.jar;C:\Users\892961\.m2\repository\org\springframework\boot\spring-boot-devtools\2.5.13\spring-boot-devtools-2.5.13.jar;C:\Users\892961\.m2\repository\org\springframework\boot\spring-boot\2.5.13\spring-boot-2.5.13.jar;C:\Users\892961\.m2\repository\org\springframework\boot\spring-boot-autoconfigure\2.5.13\spring-boot-autoconfigure-2.5.13.jar;C:\Users\892961\.m2\repository\com\h2database\h2\1.4.200\h2-1.4.200.jar;C:\Users\892961\.m2\repository\org\springframework\boot\spring-boot-starter-test\2.5.13\spring-boot-starter-test-2.5.13.jar;C:\Users\892961\.m2\repository\org\springframework\boot\spring-boot-test\2.5.13\spring-boot-test-2.5.13.jar;C:\Users\892961\.m2\repository\org\springframework\boot\spring-boot-test-autoconfigure\2.5.13\spring-boot-test-autoconfigure-2.5.13.jar;C:\Users\892961\.m2\repository\com\jayway\jsonpath\json-path\2.5.0\json-path-2.5.0.jar;C:\Users\892961\.m2\repository\net\minidev\json-smart\2.4.8\json-smart-2.4.8.jar;C:\Users\892961\.m2\repository\net\minidev\accessors-smart\2.4.8\accessors-smart-2.4.8.jar;C:\Users\892961\.m2\repository\org\ow2\asm\asm\9.1\asm-9.1.jar;C:\Users\892961\.m2\repository\jakarta\xml\bind\jakarta.xml.bind-api\2.3.3\jakarta.xml.bind-api-2.3.3.jar;C:\Users\892961\.m2\repository\jakarta\activation\jakarta.activation-api\1.2.2\jakarta.activation-api-1.2.2.jar;C:\Users\892961\.m2\repository\org\assertj\assertj-core\3.19.0\assertj-core-3.19.0.jar;C:\Users\892961\.m2\repository\org\hamcrest\hamcrest\2.2\hamcrest-2.2.jar;C:\Users\892961\.m2\repository\org\junit\jupiter\junit-jupiter\5.7.2\junit-jupiter-5.7.2.jar;C:\Users\892961\.m2\repository\org\junit\jupiter\junit-jupiter-api\5.7.2\junit-jupiter-api-5.7.2.jar;C:\Users\892961\.m2\repository\org\apiguardian\apiguardian-api\1.1.0\apiguardian-api-1.1.0.jar;C:\Users\892961\.m2\repository\org\opentest4j\opentest4j\1.2.0\opentest4j-1.2.0.jar;C:\Users\892961\.m2\repository\org\junit\platform\junit-platform-commons\1.7.2\junit-platform-commons-1.7.2.jar;C:\Users\892961\.m2\repository\org\junit\jupiter\junit-jupiter-params\5.7.2\junit-jupiter-params-5.7.2.jar;C:\Users\892961\.m2\repository\org\junit\jupiter\junit-jupiter-engine\5.7.2\junit-jupiter-engine-5.7.2.jar;C:\Users\892961\.m2\repository\org\junit\platform\junit-platform-engine\1.7.2\junit-platform-engine-1.7.2.jar;C:\Users\892961\.m2\repository\org\mockito\mockito-core\3.9.0\mockito-core-3.9.0.jar;C:\Users\892961\.m2\repository\net\bytebuddy\byte-buddy-agent\1.10.22\byte-buddy-agent-1.10.22.jar;C:\Users\892961\.m2\repository\org\objenesis\objenesis\3.2\objenesis-3.2.jar;C:\Users\892961\.m2\repository\org\mockito\mockito-junit-jupiter\3.9.0\mockito-junit-jupiter-3.9.0.jar;C:\Users\892961\.m2\repository\org\skyscreamer\jsonassert\1.5.0\jsonassert-1.5.0.jar;C:\Users\892961\.m2\repository\com\vaadin\external\google\android-json\0.0.20131108.vaadin1\android-json-0.0.20131108.vaadin1.jar;C:\Users\892961\.m2\repository\org\springframework\spring-core\5.3.19\spring-core-5.3.19.jar;C:\Users\892961\.m2\repository\org\springframework\spring-jcl\5.3.19\spring-jcl-5.3.19.jar;C:\Users\892961\.m2\repository\org\springframework\spring-test\5.3.19\spring-test-5.3.19.jar;C:\Users\892961\.m2\repository\org\xmlunit\xmlunit-core\2.8.4\xmlunit-core-2.8.4.jar;C:\Users\892961\.m2\repository\org\springframework\boot\spring-boot-starter\2.5.13\spring-boot-starter-2.5.13.jar;C:\Users\892961\.m2\repository\org\springframework\boot\spring-boot-starter-logging\2.5.13\spring-boot-starter-logging-2.5.13.jar;C:\Users\892961\.m2\repository\ch\qos\logback\logback-classic\1.2.11\logback-classic-1.2.11.jar;C:\Users\892961\.m2\repository\ch\qos\logback\logback-core\1.2.11\logback-core-1.2.11.jar;C:\Users\892961\.m2\repository\org\apache\logging\log4j\log4j-to-slf4j\2.17.2\log4j-to-slf4j-2.17.2.jar;C:\Users\892961\.m2\repository\org\apache\logging\log4j\log4j-api\2.17.2\log4j-api-2.17.2.jar;C:\Users\892961\.m2\repository\org\slf4j\jul-to-slf4j\1.7.36\jul-to-slf4j-1.7.36.jar;C:\Users\892961\.m2\repository\jakarta\annotation\jakarta.annotation-api\1.3.5\jakarta.annotation-api-1.3.5.jar;C:\Users\892961\.m2\repository\org\yaml\snakeyaml\1.28\snakeyaml-1.28.jar;C:\Users\892961\.m2\repository\org\springframework\boot\spring-boot-starter-validation\2.5.13\spring-boot-starter-validation-2.5.13.jar;C:\Users\892961\.m2\repository\org\apache\tomcat\embed\tomcat-embed-el\9.0.62\tomcat-embed-el-9.0.62.jar;C:\Users\892961\.m2\repository\org\hibernate\validator\hibernate-validator\6.2.3.Final\hibernate-validator-6.2.3.Final.jar;C:\Users\892961\.m2\repository\jakarta\validation\jakarta.validation-api\2.0.2\jakarta.validation-api-2.0.2.jar;C:\Users\892961\.m2\repository\org\projectlombok\lombok\1.18.24\lombok-1.18.24.jar;C:\Users\892961\.m2\repository\org\springframework\cloud\spring-cloud-starter-openfeign\3.0.6\spring-cloud-starter-openfeign-3.0.6.jar;C:\Users\892961\.m2\repository\org\springframework\cloud\spring-cloud-openfeign-core\3.0.6\spring-cloud-openfeign-core-3.0.6.jar;C:\Users\892961\.m2\repository\io\github\openfeign\form\feign-form-spring\3.8.0\feign-form-spring-3.8.0.jar;C:\Users\892961\.m2\repository\io\github\openfeign\form\feign-form\3.8.0\feign-form-3.8.0.jar;C:\Users\892961\.m2\repository\commons-fileupload\commons-fileupload\1.4\commons-fileupload-1.4.jar;C:\Users\892961\.m2\repository\commons-io\commons-io\2.2\commons-io-2.2.jar;C:\Users\892961\.m2\repository\org\springframework\cloud\spring-cloud-commons\3.0.5\spring-cloud-commons-3.0.5.jar;C:\Users\892961\.m2\repository\org\springframework\security\spring-security-crypto\5.5.6\spring-security-crypto-5.5.6.jar;C:\Users\892961\.m2\repository\io\github\openfeign\feign-core\10.12\feign-core-10.12.jar;C:\Users\892961\.m2\repository\io\github\openfeign\feign-slf4j\10.12\feign-slf4j-10.12.jar;C:\Users\892961\.m2\repository\org\springframework\boot\spring-boot-starter-actuator\2.5.13\spring-boot-starter-actuator-2.5.13.jar;C:\Users\892961\.m2\repository\org\springframework\boot\spring-boot-actuator-autoconfigure\2.5.13\spring-boot-actuator-autoconfigure-2.5.13.jar;C:\Users\892961\.m2\repository\org\springframework\boot\spring-boot-actuator\2.5.13\spring-boot-actuator-2.5.13.jar;C:\Users\892961\.m2\repository\io\micrometer\micrometer-core\1.7.11\micrometer-core-1.7.11.jar;C:\Users\892961\.m2\repository\org\hdrhistogram\HdrHistogram\2.1.12\HdrHistogram-2.1.12.jar;C:\Users\892961\.m2\repository\org\latencyutils\LatencyUtils\2.0.3\LatencyUtils-2.0.3.jar;"/>
    <property name="sun.cpu.endian" value="little"/>
    <property name="user.home" value="C:\Users\892961"/>
    <property name="user.language" value="en"/>
    <property name="java.specification.vendor" value="Oracle Corporation"/>
    <property name="java.version.date" value="2020-07-14"/>
    <property name="java.home" value="C:\development_avecto\sts\contents\sts-4.8.0.RELEASE\plugins\org.eclipse.justj.openjdk.hotspot.jre.full.win32.x86_64_14.0.2.v20200815-0932\jre"/>
    <property name="file.separator" value="\"/>
    <property name="style.color" value="always"/>
    <property name="basedir" value="C:\FSE0\Mine\pj\FinalProject\pj-Adithya\Adithya-ReturnOrder\Adithya-Return-Order-Management-System-main\Component-Processing-Service"/>
    <property name="java.vm.compressedOopsMode" value="Zero based"/>
    <property name="line.separator" value="&#10;"/>
    <property name="java.vm.specification.vendor" value="Oracle Corporation"/>
    <property name="java.specification.name" value="Java Platform API Specification"/>
    <property name="surefire.real.class.path" value="C:\Users\892961\AppData\Local\Temp\1\surefire10623855844642167166\surefirebooter13209410630383765480.jar"/>
    <property name="user.script" value=""/>
    <property name="sun.management.compiler" value="HotSpot 64-Bit Tiered Compilers"/>
    <property name="java.runtime.version" value="14.0.2+12-46"/>
    <property name="user.name" value="892961"/>
    <property name="path.separator" value=";"/>
    <property name="os.version" value="10.0"/>
    <property name="java.runtime.name" value="OpenJDK Runtime Environment"/>
    <property name="file.encoding" value="Cp1252"/>
    <property name="java.vm.name" value="OpenJDK 64-Bit Server VM"/>
    <property name="localRepository" value="C:\Users\892961\.m2\repository"/>
    <property name="java.vendor.url.bug" value="https://bugreport.java.com/bugreport/"/>
    <property name="java.io.tmpdir" value="C:\Users\892961\AppData\Local\Temp\1\"/>
    <property name="java.version" value="14.0.2"/>
    <property name="user.dir" value="C:\FSE0\Mine\pj\FinalProject\pj-Adithya\Adithya-ReturnOrder\Adithya-Return-Order-Management-System-main\Component-Processing-Service"/>
    <property name="os.arch" value="amd64"/>
    <property name="java.vm.specification.name" value="Java Virtual Machine Specification"/>
    <property name="sun.os.patch.level" value=""/>
    <property name="java.library.path" value="C:\development_avecto\sts\contents\sts-4.8.0.RELEASE\plugins\org.eclipse.justj.openjdk.hotspot.jre.full.win32.x86_64_14.0.2.v20200815-0932\jre\bin;C:\WINDOWS\Sun\Java\bin;C:\WINDOWS\system32;C:\WINDOWS;C:/development_avecto/sts/contents/sts-4.8.0.RELEASE//plugins/org.eclipse.justj.openjdk.hotspot.jre.full.win32.x86_64_14.0.2.v20200815-0932/jre/bin/server;C:/development_avecto/sts/contents/sts-4.8.0.RELEASE//plugins/org.eclipse.justj.openjdk.hotspot.jre.full.win32.x86_64_14.0.2.v20200815-0932/jre/bin;C:\Program Files (x86)\Common Files\Oracle\Java\javapath;C:\WINDOWS\system32;C:\WINDOWS;C:\WINDOWS\System32\Wbem;C:\WINDOWS\System32\WindowsPowerShell\v1.0\;C:\WINDOWS\System32\OpenSSH\;C:\Program Files\Java\jdk1.8.0_291\bin;C:\Program Files\nodejs\;C:\Program Files\Microsoft VS Code\bin;C:\Maven\apache-maven-3.6.3\apache-maven\src\bin;C:\Users\892961\AppData\Local\Microsoft\WindowsApps;C:\Users\892961\AppData\Roaming\npm;C:\development_avecto\sts\contents\sts-4.8.0.RELEASE;;."/>
    <property name="java.vm.info" value="mixed mode"/>
    <property name="java.vendor" value="Oracle Corporation"/>
    <property name="java.vm.version" value="14.0.2+12-46"/>
    <property name="sun.io.unicode.encoding" value="UnicodeLittle"/>
    <property name="java.class.version" value="58.0"/>
  </properties>
  <testcase name="createReturnRequestTest" classname="com.roms.microservice.componentprocessing.controller.ComponentProcessingServiceCotrollerTest" time="0.131">
    <failure message="expected:&lt;201&gt; but was:&lt;404&gt;" type="java.lang.AssertionError"><![CDATA[java.lang.AssertionError: expected:<201> but was:<404>
	at com.roms.microservice.componentprocessing.controller.ComponentProcessingServiceCotrollerTest.createReturnRequestTest(ComponentProcessingServiceCotrollerTest.java:63)
]]></failure>
    <system-out><![CDATA[2022-08-17 09:55:18.998  INFO [component-processing-service,,] 22980 --- [           main] .b.t.c.SpringBootTestContextBootstrapper : Neither @ContextConfiguration nor @ContextHierarchy found for test class [com.roms.microservice.componentprocessing.controller.ComponentProcessingServiceCotrollerTest], using SpringBootContextLoader
2022-08-17 09:55:19.001  INFO [component-processing-service,,] 22980 --- [           main] o.s.t.c.support.AbstractContextLoader    : Could not detect default resource locations for test class [com.roms.microservice.componentprocessing.controller.ComponentProcessingServiceCotrollerTest]: no resource found for suffixes {-context.xml, Context.groovy}.
2022-08-17 09:55:19.028  INFO [component-processing-service,,] 22980 --- [           main] .b.t.c.SpringBootTestContextBootstrapper : Loaded default TestExecutionListener class names from location [META-INF/spring.factories]: [org.springframework.boot.test.mock.mockito.MockitoTestExecutionListener, org.springframework.boot.test.mock.mockito.ResetMocksTestExecutionListener, org.springframework.boot.test.autoconfigure.restdocs.RestDocsTestExecutionListener, org.springframework.boot.test.autoconfigure.web.client.MockRestServiceServerResetTestExecutionListener, org.springframework.boot.test.autoconfigure.web.servlet.MockMvcPrintOnlyOnFailureTestExecutionListener, org.springframework.boot.test.autoconfigure.web.servlet.WebDriverTestExecutionListener, org.springframework.boot.test.autoconfigure.webservices.client.MockWebServiceServerTestExecutionListener, org.springframework.test.context.web.ServletTestExecutionListener, org.springframework.test.context.support.DirtiesContextBeforeModesTestExecutionListener, org.springframework.test.context.event.ApplicationEventsTestExecutionListener, org.springframework.test.context.support.DependencyInjectionTestExecutionListener, org.springframework.test.context.support.DirtiesContextTestExecutionListener, org.springframework.test.context.transaction.TransactionalTestExecutionListener, org.springframework.test.context.jdbc.SqlScriptsTestExecutionListener, org.springframework.test.context.event.EventPublishingTestExecutionListener]
2022-08-17 09:55:19.029  INFO [component-processing-service,,] 22980 --- [           main] .b.t.c.SpringBootTestContextBootstrapper : Using TestExecutionListeners: [org.springframework.test.context.web.ServletTestExecutionListener@19a920d1, org.springframework.test.context.support.DirtiesContextBeforeModesTestExecutionListener@6c861b25, org.springframework.test.context.event.ApplicationEventsTestExecutionListener@73ccc475, org.springframework.boot.test.mock.mockito.MockitoTestExecutionListener@4184bced, org.springframework.boot.test.autoconfigure.SpringBootDependencyInjectionTestExecutionListener@117bb3a4, org.springframework.test.context.support.DirtiesContextTestExecutionListener@4d78dd9d, org.springframework.test.context.transaction.TransactionalTestExecutionListener@5802572b, org.springframework.test.context.jdbc.SqlScriptsTestExecutionListener@3c05fb12, org.springframework.test.context.event.EventPublishingTestExecutionListener@702f99a5, org.springframework.boot.test.mock.mockito.ResetMocksTestExecutionListener@7b303608, org.springframework.boot.test.autoconfigure.restdocs.RestDocsTestExecutionListener@31419d4a, org.springframework.boot.test.autoconfigure.web.client.MockRestServiceServerResetTestExecutionListener@220f2d1b, org.springframework.boot.test.autoconfigure.web.servlet.MockMvcPrintOnlyOnFailureTestExecutionListener@2ee16a4e, org.springframework.boot.test.autoconfigure.web.servlet.WebDriverTestExecutionListener@541b89ec, org.springframework.boot.test.autoconfigure.webservices.client.MockWebServiceServerTestExecutionListener@698df5e8]

  .   ____          _            __ _ _
 /\\ / ___'_ __ _ _(_)_ __  __ _ \ \ \ \
( ( )\___ | '_ | '_| | '_ \/ _` | \ \ \ \
 \\/  ___)| |_)| | | | | || (_| |  ) ) ) )
  '  |____| .__|_| |_|_| |_\__, | / / / /
 =========|_|==============|___/=/_/_/_/
 :: Spring Boot ::               (v2.5.13)

2022-08-17 09:55:19.191  INFO [component-processing-service,,] 22980 --- [           main] .ComponentProcessingServiceCotrollerTest : Starting ComponentProcessingServiceCotrollerTest using Java 14.0.2 on LTIN293674 with PID 22980 (started by 892961 in C:\FSE0\Mine\pj\FinalProject\pj-Adithya\Adithya-ReturnOrder\Adithya-Return-Order-Management-System-main\Component-Processing-Service)
2022-08-17 09:55:19.191  INFO [component-processing-service,,] 22980 --- [           main] .ComponentProcessingServiceCotrollerTest : No active profile set, falling back to 1 default profile: "default"
2022-08-17 09:55:20.048  INFO [component-processing-service,,] 22980 --- [           main] .s.d.r.c.RepositoryConfigurationDelegate : Bootstrapping Spring Data JPA repositories in DEFAULT mode.
2022-08-17 09:55:20.076  INFO [component-processing-service,,] 22980 --- [           main] .s.d.r.c.RepositoryConfigurationDelegate : Finished Spring Data repository scanning in 27 ms. Found 2 JPA repository interfaces.
2022-08-17 09:55:20.223  INFO [component-processing-service,,] 22980 --- [           main] o.s.cloud.context.scope.GenericScope     : BeanFactory id=7277fcc9-5ee6-38cb-bff6-aea6f52e45bd
2022-08-17 09:55:20.675  INFO [component-processing-service,,] 22980 --- [           main] com.zaxxer.hikari.HikariDataSource       : HikariPool-2 - Starting...
2022-08-17 09:55:20.677  INFO [component-processing-service,,] 22980 --- [           main] com.zaxxer.hikari.HikariDataSource       : HikariPool-2 - Start completed.
2022-08-17 09:55:20.693  INFO [component-processing-service,,] 22980 --- [           main] o.hibernate.jpa.internal.util.LogHelper  : HHH000204: Processing PersistenceUnitInfo [name: default]
2022-08-17 09:55:20.700  INFO [component-processing-service,,] 22980 --- [           main] org.hibernate.dialect.Dialect            : HHH000400: Using dialect: org.hibernate.dialect.H2Dialect
2022-08-17 09:55:20.761  INFO [component-processing-service,,] 22980 --- [           main] o.h.e.t.j.p.i.JtaPlatformInitiator       : HHH000490: Using JtaPlatform implementation: [org.hibernate.engine.transaction.jta.platform.internal.NoJtaPlatform]
2022-08-17 09:55:20.761  INFO [component-processing-service,,] 22980 --- [           main] j.LocalContainerEntityManagerFactoryBean : Initialized JPA EntityManagerFactory for persistence unit 'default'
2022-08-17 09:55:21.578  WARN [component-processing-service,,] 22980 --- [           main] JpaBaseConfiguration$JpaWebConfiguration : spring.jpa.open-in-view is enabled by default. Therefore, database queries may be performed during view rendering. Explicitly configure spring.jpa.open-in-view to disable this warning
2022-08-17 09:55:21.862  INFO [component-processing-service,,] 22980 --- [           main] o.s.b.a.h2.H2ConsoleAutoConfiguration    : H2 console available at '/h2-console'. Database available at 'jdbc:h2:mem:components'
2022-08-17 09:55:22.310  INFO [component-processing-service,,] 22980 --- [           main] o.s.b.a.e.web.EndpointLinksResolver      : Exposing 1 endpoint(s) beneath base path '/actuator'
2022-08-17 09:55:23.504  INFO [component-processing-service,,] 22980 --- [           main] o.s.b.t.m.w.SpringBootMockServletContext : Initializing Spring TestDispatcherServlet ''
2022-08-17 09:55:23.505  INFO [component-processing-service,,] 22980 --- [           main] o.s.t.web.servlet.TestDispatcherServlet  : Initializing Servlet ''
2022-08-17 09:55:23.507  INFO [component-processing-service,,] 22980 --- [           main] o.s.t.web.servlet.TestDispatcherServlet  : Completed initialization in 2 ms
2022-08-17 09:55:24.178  INFO [component-processing-service,,] 22980 --- [           main] .ComponentProcessingServiceCotrollerTest : Started ComponentProcessingServiceCotrollerTest in 5.146 seconds (JVM running for 22.084)
2022-08-17 09:55:24.180  INFO [component-processing-service,,] 22980 --- [           main] .c.ComponentProcessingServiceApplication : Inserting Processing Charge Details
2022-08-17 09:55:24.187 TRACE [component-processing-service,,] 22980 --- [           main] o.h.type.descriptor.sql.BasicBinder      : binding parameter [1] as [DATE] - [2022-08-17]
2022-08-17 09:55:24.187 TRACE [component-processing-service,,] 22980 --- [           main] o.h.type.descriptor.sql.BasicBinder      : binding parameter [2] as [VARCHAR] - [INTEGRAL]
2022-08-17 09:55:24.187 TRACE [component-processing-service,,] 22980 --- [           main] o.h.type.descriptor.sql.BasicBinder      : binding parameter [3] as [INTEGER] - [5]
2022-08-17 09:55:24.188 TRACE [component-processing-service,,] 22980 --- [           main] o.h.type.descriptor.sql.BasicBinder      : binding parameter [4] as [NUMERIC] - [500]
2022-08-17 09:55:24.188 TRACE [component-processing-service,,] 22980 --- [           main] o.h.type.descriptor.sql.BasicBinder      : binding parameter [5] as [DATE] - [2022-08-17]
2022-08-17 09:55:24.188 TRACE [component-processing-service,,] 22980 --- [           main] o.h.type.descriptor.sql.BasicBinder      : binding parameter [6] as [INTEGER] - [1]
2022-08-17 09:55:24.191 TRACE [component-processing-service,,] 22980 --- [           main] o.h.type.descriptor.sql.BasicBinder      : binding parameter [1] as [DATE] - [2022-08-17]
2022-08-17 09:55:24.192 TRACE [component-processing-service,,] 22980 --- [           main] o.h.type.descriptor.sql.BasicBinder      : binding parameter [2] as [VARCHAR] - [ACCESSORY]
2022-08-17 09:55:24.192 TRACE [component-processing-service,,] 22980 --- [           main] o.h.type.descriptor.sql.BasicBinder      : binding parameter [3] as [INTEGER] - [2]
2022-08-17 09:55:24.192 TRACE [component-processing-service,,] 22980 --- [           main] o.h.type.descriptor.sql.BasicBinder      : binding parameter [4] as [NUMERIC] - [300]
2022-08-17 09:55:24.192 TRACE [component-processing-service,,] 22980 --- [           main] o.h.type.descriptor.sql.BasicBinder      : binding parameter [5] as [DATE] - [2022-08-17]
2022-08-17 09:55:24.192 TRACE [component-processing-service,,] 22980 --- [           main] o.h.type.descriptor.sql.BasicBinder      : binding parameter [6] as [INTEGER] - [2]
2022-08-17 09:55:24.193  INFO [component-processing-service,,] 22980 --- [           main] .c.ComponentProcessingServiceApplication : Processing charge details insertion completed

MockHttpServletRequest:
      HTTP Method = POST
      Request URI = /return-component/createReturnRequest
       Parameters = {}
          Headers = [Content-Type:"application/json;charset=UTF-8", Authorization:"eyJhbGciOiJIUzI1NiJ9.eyJzdWIiOiJHYW5lc2giLCJpYXQiOjE2NTI2MjQ5MjYsImV4cCI6OTIyMzM3MjAzNjg1NDc3NX0.-kpj4_dVZz8NJ2bi1Qn5-h8bXsjuA_WhzyTphhDFA_o", Content-Length:"146"]
             Body = {"name":"Ganesh","contactNumber":1234567890,"defectiveComponentDetail":{"componentName":"Component Name","componentType":"INTEGRAL","quantity":1}}
    Session Attrs = {}

Handler:
             Type = org.springframework.web.servlet.resource.ResourceHttpRequestHandler

Async:
    Async started = false
     Async result = null

Resolved Exception:
             Type = null

ModelAndView:
        View name = null
             View = null
            Model = null

FlashMap:
       Attributes = null

MockHttpServletResponse:
           Status = 404
    Error message = null
          Headers = [Vary:"Origin", "Access-Control-Request-Method", "Access-Control-Request-Headers"]
     Content type = null
             Body = 
    Forwarded URL = null
   Redirected URL = null
          Cookies = []
]]></system-out>
  </testcase>
</testsuite>